Determining if files io.h exist failed with the following output:
Change Dir: /homea/ias-5/wenping/software/gromacs-5.1.2_EtMg/build_frontend_jureca/CMakeFiles/CMakeTmp

Run Build Command:"/usr/bin/gmake" "cmTC_9b26c/fast"
/usr/bin/gmake -f CMakeFiles/cmTC_9b26c.dir/build.make CMakeFiles/cmTC_9b26c.dir/build
gmake[1]: Entering directory `/homea/ias-5/wenping/software/gromacs-5.1.2_EtMg/build_frontend_jureca/CMakeFiles/CMakeTmp'
Building C object CMakeFiles/cmTC_9b26c.dir/CheckIncludeFiles.c.o
/usr/local/software/jureca/Stages/2017a/software/GCCcore/5.4.0/bin/gcc    -Wundef -Wextra -Wno-missing-field-initializers -Wno-sign-compare -Wpointer-arith -Wall -Wno-unused -Wunused-value -Wunused-parameter     -o CMakeFiles/cmTC_9b26c.dir/CheckIncludeFiles.c.o   -c /homea/ias-5/wenping/software/gromacs-5.1.2_EtMg/build_frontend_jureca/CMakeFiles/CMakeTmp/CheckIncludeFiles.c
/homea/ias-5/wenping/software/gromacs-5.1.2_EtMg/build_frontend_jureca/CMakeFiles/CMakeTmp/CheckIncludeFiles.c:2:16: fatal error: io.h: No such file or directory
compilation terminated.
gmake[1]: *** [CMakeFiles/cmTC_9b26c.dir/CheckIncludeFiles.c.o] Error 1
gmake[1]: Leaving directory `/homea/ias-5/wenping/software/gromacs-5.1.2_EtMg/build_frontend_jureca/CMakeFiles/CMakeTmp'
gmake: *** [cmTC_9b26c/fast] Error 2

Source:
/* */
#include <io.h>


int main(void){return 0;}

Determining if the memalign exist failed with the following output:
Change Dir: /homea/ias-5/wenping/software/gromacs-5.1.2_EtMg/build_frontend_jureca/CMakeFiles/CMakeTmp

Run Build Command:"/usr/bin/gmake" "cmTC_f4ebc/fast"
/usr/bin/gmake -f CMakeFiles/cmTC_f4ebc.dir/build.make CMakeFiles/cmTC_f4ebc.dir/build
gmake[1]: Entering directory `/homea/ias-5/wenping/software/gromacs-5.1.2_EtMg/build_frontend_jureca/CMakeFiles/CMakeTmp'
Building CXX object CMakeFiles/cmTC_f4ebc.dir/CheckSymbolExists.cxx.o
/usr/local/software/jureca/Stages/2017a/software/GCCcore/5.4.0/bin/g++     -Wundef -Wextra -Wno-missing-field-initializers -Wpointer-arith -Wall -Wno-unused-function     -o CMakeFiles/cmTC_f4ebc.dir/CheckSymbolExists.cxx.o -c /homea/ias-5/wenping/software/gromacs-5.1.2_EtMg/build_frontend_jureca/CMakeFiles/CMakeTmp/CheckSymbolExists.cxx
/homea/ias-5/wenping/software/gromacs-5.1.2_EtMg/build_frontend_jureca/CMakeFiles/CMakeTmp/CheckSymbolExists.cxx: In function ‘int main(int, char**)’:
/homea/ias-5/wenping/software/gromacs-5.1.2_EtMg/build_frontend_jureca/CMakeFiles/CMakeTmp/CheckSymbolExists.cxx:8:19: error: ‘memalign’ was not declared in this scope
   return ((int*)(&memalign))[argc];
                   ^
gmake[1]: *** [CMakeFiles/cmTC_f4ebc.dir/CheckSymbolExists.cxx.o] Error 1
gmake[1]: Leaving directory `/homea/ias-5/wenping/software/gromacs-5.1.2_EtMg/build_frontend_jureca/CMakeFiles/CMakeTmp'
gmake: *** [cmTC_f4ebc/fast] Error 2

File /homea/ias-5/wenping/software/gromacs-5.1.2_EtMg/build_frontend_jureca/CMakeFiles/CMakeTmp/CheckSymbolExists.cxx:
/* */
#include <stdlib.h>

int main(int argc, char** argv)
{
  (void)argv;
#ifndef memalign
  return ((int*)(&memalign))[argc];
#else
  (void)argc;
  return 0;
#endif
}

Determining if the _aligned_malloc exist failed with the following output:
Change Dir: /homea/ias-5/wenping/software/gromacs-5.1.2_EtMg/build_frontend_jureca/CMakeFiles/CMakeTmp

Run Build Command:"/usr/bin/gmake" "cmTC_9a982/fast"
/usr/bin/gmake -f CMakeFiles/cmTC_9a982.dir/build.make CMakeFiles/cmTC_9a982.dir/build
gmake[1]: Entering directory `/homea/ias-5/wenping/software/gromacs-5.1.2_EtMg/build_frontend_jureca/CMakeFiles/CMakeTmp'
Building CXX object CMakeFiles/cmTC_9a982.dir/CheckSymbolExists.cxx.o
/usr/local/software/jureca/Stages/2017a/software/GCCcore/5.4.0/bin/g++     -Wundef -Wextra -Wno-missing-field-initializers -Wpointer-arith -Wall -Wno-unused-function     -o CMakeFiles/cmTC_9a982.dir/CheckSymbolExists.cxx.o -c /homea/ias-5/wenping/software/gromacs-5.1.2_EtMg/build_frontend_jureca/CMakeFiles/CMakeTmp/CheckSymbolExists.cxx
/homea/ias-5/wenping/software/gromacs-5.1.2_EtMg/build_frontend_jureca/CMakeFiles/CMakeTmp/CheckSymbolExists.cxx: In function ‘int main(int, char**)’:
/homea/ias-5/wenping/software/gromacs-5.1.2_EtMg/build_frontend_jureca/CMakeFiles/CMakeTmp/CheckSymbolExists.cxx:8:19: error: ‘_aligned_malloc’ was not declared in this scope
   return ((int*)(&_aligned_malloc))[argc];
                   ^
gmake[1]: *** [CMakeFiles/cmTC_9a982.dir/CheckSymbolExists.cxx.o] Error 1
gmake[1]: Leaving directory `/homea/ias-5/wenping/software/gromacs-5.1.2_EtMg/build_frontend_jureca/CMakeFiles/CMakeTmp'
gmake: *** [cmTC_9a982/fast] Error 2

File /homea/ias-5/wenping/software/gromacs-5.1.2_EtMg/build_frontend_jureca/CMakeFiles/CMakeTmp/CheckSymbolExists.cxx:
/* */
#include <stdlib.h>

int main(int argc, char** argv)
{
  (void)argv;
#ifndef _aligned_malloc
  return ((int*)(&_aligned_malloc))[argc];
#else
  (void)argc;
  return 0;
#endif
}

Determining if the _fileno exist failed with the following output:
Change Dir: /homea/ias-5/wenping/software/gromacs-5.1.2_EtMg/build_frontend_jureca/CMakeFiles/CMakeTmp

Run Build Command:"/usr/bin/gmake" "cmTC_06b35/fast"
/usr/bin/gmake -f CMakeFiles/cmTC_06b35.dir/build.make CMakeFiles/cmTC_06b35.dir/build
gmake[1]: Entering directory `/homea/ias-5/wenping/software/gromacs-5.1.2_EtMg/build_frontend_jureca/CMakeFiles/CMakeTmp'
Building CXX object CMakeFiles/cmTC_06b35.dir/CheckSymbolExists.cxx.o
/usr/local/software/jureca/Stages/2017a/software/GCCcore/5.4.0/bin/g++     -Wundef -Wextra -Wno-missing-field-initializers -Wpointer-arith -Wall -Wno-unused-function     -o CMakeFiles/cmTC_06b35.dir/CheckSymbolExists.cxx.o -c /homea/ias-5/wenping/software/gromacs-5.1.2_EtMg/build_frontend_jureca/CMakeFiles/CMakeTmp/CheckSymbolExists.cxx
/homea/ias-5/wenping/software/gromacs-5.1.2_EtMg/build_frontend_jureca/CMakeFiles/CMakeTmp/CheckSymbolExists.cxx: In function ‘int main(int, char**)’:
/homea/ias-5/wenping/software/gromacs-5.1.2_EtMg/build_frontend_jureca/CMakeFiles/CMakeTmp/CheckSymbolExists.cxx:8:19: error: ‘_fileno’ was not declared in this scope
   return ((int*)(&_fileno))[argc];
                   ^
gmake[1]: *** [CMakeFiles/cmTC_06b35.dir/CheckSymbolExists.cxx.o] Error 1
gmake[1]: Leaving directory `/homea/ias-5/wenping/software/gromacs-5.1.2_EtMg/build_frontend_jureca/CMakeFiles/CMakeTmp'
gmake: *** [cmTC_06b35/fast] Error 2

File /homea/ias-5/wenping/software/gromacs-5.1.2_EtMg/build_frontend_jureca/CMakeFiles/CMakeTmp/CheckSymbolExists.cxx:
/* */
#include <stdio.h>

int main(int argc, char** argv)
{
  (void)argv;
#ifndef _fileno
  return ((int*)(&_fileno))[argc];
#else
  (void)argc;
  return 0;
#endif
}

Determining if the _commit exist failed with the following output:
Change Dir: /homea/ias-5/wenping/software/gromacs-5.1.2_EtMg/build_frontend_jureca/CMakeFiles/CMakeTmp

Run Build Command:"/usr/bin/gmake" "cmTC_14f84/fast"
/usr/bin/gmake -f CMakeFiles/cmTC_14f84.dir/build.make CMakeFiles/cmTC_14f84.dir/build
gmake[1]: Entering directory `/homea/ias-5/wenping/software/gromacs-5.1.2_EtMg/build_frontend_jureca/CMakeFiles/CMakeTmp'
Building CXX object CMakeFiles/cmTC_14f84.dir/CheckSymbolExists.cxx.o
/usr/local/software/jureca/Stages/2017a/software/GCCcore/5.4.0/bin/g++     -Wundef -Wextra -Wno-missing-field-initializers -Wpointer-arith -Wall -Wno-unused-function     -o CMakeFiles/cmTC_14f84.dir/CheckSymbolExists.cxx.o -c /homea/ias-5/wenping/software/gromacs-5.1.2_EtMg/build_frontend_jureca/CMakeFiles/CMakeTmp/CheckSymbolExists.cxx
/homea/ias-5/wenping/software/gromacs-5.1.2_EtMg/build_frontend_jureca/CMakeFiles/CMakeTmp/CheckSymbolExists.cxx:2:16: fatal error: io.h: No such file or directory
compilation terminated.
gmake[1]: *** [CMakeFiles/cmTC_14f84.dir/CheckSymbolExists.cxx.o] Error 1
gmake[1]: Leaving directory `/homea/ias-5/wenping/software/gromacs-5.1.2_EtMg/build_frontend_jureca/CMakeFiles/CMakeTmp'
gmake: *** [cmTC_14f84/fast] Error 2

File /homea/ias-5/wenping/software/gromacs-5.1.2_EtMg/build_frontend_jureca/CMakeFiles/CMakeTmp/CheckSymbolExists.cxx:
/* */
#include <io.h>

int main(int argc, char** argv)
{
  (void)argv;
#ifndef _commit
  return ((int*)(&_commit))[argc];
#else
  (void)argc;
  return 0;
#endif
}

Determining if the rsqrt exist failed with the following output:
Change Dir: /homea/ias-5/wenping/software/gromacs-5.1.2_EtMg/build_frontend_jureca/CMakeFiles/CMakeTmp

Run Build Command:"/usr/bin/gmake" "cmTC_bdb67/fast"
/usr/bin/gmake -f CMakeFiles/cmTC_bdb67.dir/build.make CMakeFiles/cmTC_bdb67.dir/build
gmake[1]: Entering directory `/homea/ias-5/wenping/software/gromacs-5.1.2_EtMg/build_frontend_jureca/CMakeFiles/CMakeTmp'
Building CXX object CMakeFiles/cmTC_bdb67.dir/CheckSymbolExists.cxx.o
/usr/local/software/jureca/Stages/2017a/software/GCCcore/5.4.0/bin/g++     -Wundef -Wextra -Wno-missing-field-initializers -Wpointer-arith -Wall -Wno-unused-function     -o CMakeFiles/cmTC_bdb67.dir/CheckSymbolExists.cxx.o -c /homea/ias-5/wenping/software/gromacs-5.1.2_EtMg/build_frontend_jureca/CMakeFiles/CMakeTmp/CheckSymbolExists.cxx
/homea/ias-5/wenping/software/gromacs-5.1.2_EtMg/build_frontend_jureca/CMakeFiles/CMakeTmp/CheckSymbolExists.cxx: In function ‘int main(int, char**)’:
/homea/ias-5/wenping/software/gromacs-5.1.2_EtMg/build_frontend_jureca/CMakeFiles/CMakeTmp/CheckSymbolExists.cxx:8:19: error: ‘rsqrt’ was not declared in this scope
   return ((int*)(&rsqrt))[argc];
                   ^
gmake[1]: *** [CMakeFiles/cmTC_bdb67.dir/CheckSymbolExists.cxx.o] Error 1
gmake[1]: Leaving directory `/homea/ias-5/wenping/software/gromacs-5.1.2_EtMg/build_frontend_jureca/CMakeFiles/CMakeTmp'
gmake: *** [cmTC_bdb67/fast] Error 2

File /homea/ias-5/wenping/software/gromacs-5.1.2_EtMg/build_frontend_jureca/CMakeFiles/CMakeTmp/CheckSymbolExists.cxx:
/* */
#include <math.h>

int main(int argc, char** argv)
{
  (void)argv;
#ifndef rsqrt
  return ((int*)(&rsqrt))[argc];
#else
  (void)argc;
  return 0;
#endif
}

Determining if the rsqrtf exist failed with the following output:
Change Dir: /homea/ias-5/wenping/software/gromacs-5.1.2_EtMg/build_frontend_jureca/CMakeFiles/CMakeTmp

Run Build Command:"/usr/bin/gmake" "cmTC_840da/fast"
/usr/bin/gmake -f CMakeFiles/cmTC_840da.dir/build.make CMakeFiles/cmTC_840da.dir/build
gmake[1]: Entering directory `/homea/ias-5/wenping/software/gromacs-5.1.2_EtMg/build_frontend_jureca/CMakeFiles/CMakeTmp'
Building CXX object CMakeFiles/cmTC_840da.dir/CheckSymbolExists.cxx.o
/usr/local/software/jureca/Stages/2017a/software/GCCcore/5.4.0/bin/g++     -Wundef -Wextra -Wno-missing-field-initializers -Wpointer-arith -Wall -Wno-unused-function     -o CMakeFiles/cmTC_840da.dir/CheckSymbolExists.cxx.o -c /homea/ias-5/wenping/software/gromacs-5.1.2_EtMg/build_frontend_jureca/CMakeFiles/CMakeTmp/CheckSymbolExists.cxx
/homea/ias-5/wenping/software/gromacs-5.1.2_EtMg/build_frontend_jureca/CMakeFiles/CMakeTmp/CheckSymbolExists.cxx: In function ‘int main(int, char**)’:
/homea/ias-5/wenping/software/gromacs-5.1.2_EtMg/build_frontend_jureca/CMakeFiles/CMakeTmp/CheckSymbolExists.cxx:8:19: error: ‘rsqrtf’ was not declared in this scope
   return ((int*)(&rsqrtf))[argc];
                   ^
gmake[1]: *** [CMakeFiles/cmTC_840da.dir/CheckSymbolExists.cxx.o] Error 1
gmake[1]: Leaving directory `/homea/ias-5/wenping/software/gromacs-5.1.2_EtMg/build_frontend_jureca/CMakeFiles/CMakeTmp'
gmake: *** [cmTC_840da/fast] Error 2

File /homea/ias-5/wenping/software/gromacs-5.1.2_EtMg/build_frontend_jureca/CMakeFiles/CMakeTmp/CheckSymbolExists.cxx:
/* */
#include <math.h>

int main(int argc, char** argv)
{
  (void)argv;
#ifndef rsqrtf
  return ((int*)(&rsqrtf))[argc];
#else
  (void)argc;
  return 0;
#endif
}

Determining if the pthread_create exist failed with the following output:
Change Dir: /homea/ias-5/wenping/software/gromacs-5.1.2_EtMg/build_frontend_jureca/CMakeFiles/CMakeTmp

Run Build Command:"/usr/bin/gmake" "cmTC_4bdf7/fast"
/usr/bin/gmake -f CMakeFiles/cmTC_4bdf7.dir/build.make CMakeFiles/cmTC_4bdf7.dir/build
gmake[1]: Entering directory `/homea/ias-5/wenping/software/gromacs-5.1.2_EtMg/build_frontend_jureca/CMakeFiles/CMakeTmp'
Building C object CMakeFiles/cmTC_4bdf7.dir/CheckSymbolExists.c.o
/usr/local/software/jureca/Stages/2017a/software/GCCcore/5.4.0/bin/gcc    -Wundef -Wextra -Wno-missing-field-initializers -Wno-sign-compare -Wpointer-arith -Wall -Wno-unused -Wunused-value -Wunused-parameter     -o CMakeFiles/cmTC_4bdf7.dir/CheckSymbolExists.c.o   -c /homea/ias-5/wenping/software/gromacs-5.1.2_EtMg/build_frontend_jureca/CMakeFiles/CMakeTmp/CheckSymbolExists.c
Linking C executable cmTC_4bdf7
/usr/local/software/jureca/Stages/2017a/software/CMake/3.7.2-GCCcore-5.4.0/bin/cmake -E cmake_link_script CMakeFiles/cmTC_4bdf7.dir/link.txt --verbose=1
/usr/local/software/jureca/Stages/2017a/software/GCCcore/5.4.0/bin/gcc   -Wundef -Wextra -Wno-missing-field-initializers -Wno-sign-compare -Wpointer-arith -Wall -Wno-unused -Wunused-value -Wunused-parameter      CMakeFiles/cmTC_4bdf7.dir/CheckSymbolExists.c.o  -o cmTC_4bdf7 -rdynamic 
CMakeFiles/cmTC_4bdf7.dir/CheckSymbolExists.c.o:CheckSymbolExists.c:function main: error: undefined reference to 'pthread_create'
collect2: error: ld returned 1 exit status
gmake[1]: *** [cmTC_4bdf7] Error 1
gmake[1]: Leaving directory `/homea/ias-5/wenping/software/gromacs-5.1.2_EtMg/build_frontend_jureca/CMakeFiles/CMakeTmp'
gmake: *** [cmTC_4bdf7/fast] Error 2

File /homea/ias-5/wenping/software/gromacs-5.1.2_EtMg/build_frontend_jureca/CMakeFiles/CMakeTmp/CheckSymbolExists.c:
/* */
#include <pthread.h>

int main(int argc, char** argv)
{
  (void)argv;
#ifndef pthread_create
  return ((int*)(&pthread_create))[argc];
#else
  (void)argc;
  return 0;
#endif
}

Determining if the function pthread_create exists in the pthreads failed with the following output:
Change Dir: /homea/ias-5/wenping/software/gromacs-5.1.2_EtMg/build_frontend_jureca/CMakeFiles/CMakeTmp

Run Build Command:"/usr/bin/gmake" "cmTC_f7234/fast"
/usr/bin/gmake -f CMakeFiles/cmTC_f7234.dir/build.make CMakeFiles/cmTC_f7234.dir/build
gmake[1]: Entering directory `/homea/ias-5/wenping/software/gromacs-5.1.2_EtMg/build_frontend_jureca/CMakeFiles/CMakeTmp'
Building C object CMakeFiles/cmTC_f7234.dir/CheckFunctionExists.c.o
/usr/local/software/jureca/Stages/2017a/software/GCCcore/5.4.0/bin/gcc    -Wundef -Wextra -Wno-missing-field-initializers -Wno-sign-compare -Wpointer-arith -Wall -Wno-unused -Wunused-value -Wunused-parameter  -DCHECK_FUNCTION_EXISTS=pthread_create   -o CMakeFiles/cmTC_f7234.dir/CheckFunctionExists.c.o   -c /usr/local/software/jureca/Stages/2017a/software/CMake/3.7.2-GCCcore-5.4.0/share/cmake-3.7/Modules/CheckFunctionExists.c
Linking C executable cmTC_f7234
/usr/local/software/jureca/Stages/2017a/software/CMake/3.7.2-GCCcore-5.4.0/bin/cmake -E cmake_link_script CMakeFiles/cmTC_f7234.dir/link.txt --verbose=1
/usr/local/software/jureca/Stages/2017a/software/GCCcore/5.4.0/bin/gcc   -Wundef -Wextra -Wno-missing-field-initializers -Wno-sign-compare -Wpointer-arith -Wall -Wno-unused -Wunused-value -Wunused-parameter  -DCHECK_FUNCTION_EXISTS=pthread_create    CMakeFiles/cmTC_f7234.dir/CheckFunctionExists.c.o  -o cmTC_f7234 -rdynamic -lpthreads 
/usr/local/software/jureca/Stages/2017a/software/binutils/2.28-GCCcore-5.4.0/bin/ld.gold: error: cannot find -lpthreads
CMakeFiles/cmTC_f7234.dir/CheckFunctionExists.c.o:CheckFunctionExists.c:function main: error: undefined reference to 'pthread_create'
collect2: error: ld returned 1 exit status
gmake[1]: *** [cmTC_f7234] Error 1
gmake[1]: Leaving directory `/homea/ias-5/wenping/software/gromacs-5.1.2_EtMg/build_frontend_jureca/CMakeFiles/CMakeTmp'
gmake: *** [cmTC_f7234/fast] Error 2


Performing C SOURCE FILE Test _isfinite_compile_ok failed with the following output:
Change Dir: /homea/ias-5/wenping/software/gromacs-5.1.2_EtMg/build_frontend_jureca/CMakeFiles/CMakeTmp

Run Build Command:"/usr/bin/gmake" "cmTC_2d01c/fast"
/usr/bin/gmake -f CMakeFiles/cmTC_2d01c.dir/build.make CMakeFiles/cmTC_2d01c.dir/build
gmake[1]: Entering directory `/homea/ias-5/wenping/software/gromacs-5.1.2_EtMg/build_frontend_jureca/CMakeFiles/CMakeTmp'
Building C object CMakeFiles/cmTC_2d01c.dir/src.c.o
/usr/local/software/jureca/Stages/2017a/software/GCCcore/5.4.0/bin/gcc   -I/homea/ias-5/wenping/software/gromacs-5.1.2_EtMg/build_frontend_jureca/CMakeFiles/CMakeTmp/math.h  -Wundef -Wextra -Wno-missing-field-initializers -Wno-sign-compare -Wpointer-arith -Wall -Wno-unused -Wunused-value -Wunused-parameter  -D_isfinite_compile_ok   -o CMakeFiles/cmTC_2d01c.dir/src.c.o   -c /homea/ias-5/wenping/software/gromacs-5.1.2_EtMg/build_frontend_jureca/CMakeFiles/CMakeTmp/src.c
/homea/ias-5/wenping/software/gromacs-5.1.2_EtMg/build_frontend_jureca/CMakeFiles/CMakeTmp/src.c: In function ‘main’:
/homea/ias-5/wenping/software/gromacs-5.1.2_EtMg/build_frontend_jureca/CMakeFiles/CMakeTmp/src.c:4:3: warning: implicit declaration of function ‘_isfinite’ [-Wimplicit-function-declaration]
   _isfinite(f);
   ^
/homea/ias-5/wenping/software/gromacs-5.1.2_EtMg/build_frontend_jureca/CMakeFiles/CMakeTmp/src.c:4:3: warning: ‘f’ is used uninitialized in this function [-Wuninitialized]
Linking C executable cmTC_2d01c
/usr/local/software/jureca/Stages/2017a/software/CMake/3.7.2-GCCcore-5.4.0/bin/cmake -E cmake_link_script CMakeFiles/cmTC_2d01c.dir/link.txt --verbose=1
/usr/local/software/jureca/Stages/2017a/software/GCCcore/5.4.0/bin/gcc   -Wundef -Wextra -Wno-missing-field-initializers -Wno-sign-compare -Wpointer-arith -Wall -Wno-unused -Wunused-value -Wunused-parameter  -D_isfinite_compile_ok    CMakeFiles/cmTC_2d01c.dir/src.c.o  -o cmTC_2d01c -rdynamic -lm 
CMakeFiles/cmTC_2d01c.dir/src.c.o:src.c:function main: error: undefined reference to '_isfinite'
collect2: error: ld returned 1 exit status
gmake[1]: *** [cmTC_2d01c] Error 1
gmake[1]: Leaving directory `/homea/ias-5/wenping/software/gromacs-5.1.2_EtMg/build_frontend_jureca/CMakeFiles/CMakeTmp'
gmake: *** [cmTC_2d01c/fast] Error 2

Source file was:
#include <math.h>
int main(void) {
  float f;
  _isfinite(f);
}
Performing C SOURCE FILE Test _finite_compile_ok failed with the following output:
Change Dir: /homea/ias-5/wenping/software/gromacs-5.1.2_EtMg/build_frontend_jureca/CMakeFiles/CMakeTmp

Run Build Command:"/usr/bin/gmake" "cmTC_ead3d/fast"
/usr/bin/gmake -f CMakeFiles/cmTC_ead3d.dir/build.make CMakeFiles/cmTC_ead3d.dir/build
gmake[1]: Entering directory `/homea/ias-5/wenping/software/gromacs-5.1.2_EtMg/build_frontend_jureca/CMakeFiles/CMakeTmp'
Building C object CMakeFiles/cmTC_ead3d.dir/src.c.o
/usr/local/software/jureca/Stages/2017a/software/GCCcore/5.4.0/bin/gcc   -I/homea/ias-5/wenping/software/gromacs-5.1.2_EtMg/build_frontend_jureca/CMakeFiles/CMakeTmp/float.h  -Wundef -Wextra -Wno-missing-field-initializers -Wno-sign-compare -Wpointer-arith -Wall -Wno-unused -Wunused-value -Wunused-parameter  -D_finite_compile_ok   -o CMakeFiles/cmTC_ead3d.dir/src.c.o   -c /homea/ias-5/wenping/software/gromacs-5.1.2_EtMg/build_frontend_jureca/CMakeFiles/CMakeTmp/src.c
/homea/ias-5/wenping/software/gromacs-5.1.2_EtMg/build_frontend_jureca/CMakeFiles/CMakeTmp/src.c: In function ‘main’:
/homea/ias-5/wenping/software/gromacs-5.1.2_EtMg/build_frontend_jureca/CMakeFiles/CMakeTmp/src.c:4:3: warning: implicit declaration of function ‘_finite’ [-Wimplicit-function-declaration]
   _finite(f);
   ^
/homea/ias-5/wenping/software/gromacs-5.1.2_EtMg/build_frontend_jureca/CMakeFiles/CMakeTmp/src.c:4:3: warning: ‘f’ is used uninitialized in this function [-Wuninitialized]
Linking C executable cmTC_ead3d
/usr/local/software/jureca/Stages/2017a/software/CMake/3.7.2-GCCcore-5.4.0/bin/cmake -E cmake_link_script CMakeFiles/cmTC_ead3d.dir/link.txt --verbose=1
/usr/local/software/jureca/Stages/2017a/software/GCCcore/5.4.0/bin/gcc   -Wundef -Wextra -Wno-missing-field-initializers -Wno-sign-compare -Wpointer-arith -Wall -Wno-unused -Wunused-value -Wunused-parameter  -D_finite_compile_ok    CMakeFiles/cmTC_ead3d.dir/src.c.o  -o cmTC_ead3d -rdynamic 
CMakeFiles/cmTC_ead3d.dir/src.c.o:src.c:function main: error: undefined reference to '_finite'
collect2: error: ld returned 1 exit status
gmake[1]: *** [cmTC_ead3d] Error 1
gmake[1]: Leaving directory `/homea/ias-5/wenping/software/gromacs-5.1.2_EtMg/build_frontend_jureca/CMakeFiles/CMakeTmp'
gmake: *** [cmTC_ead3d/fast] Error 2

Source file was:
#include <float.h>
int main(void) {
  float f;
  _finite(f);
}
Determining if the include file regex exists failed with the following output:
Change Dir: /homea/ias-5/wenping/software/gromacs-5.1.2_EtMg/build_frontend_jureca/CMakeFiles/CMakeTmp

Run Build Command:"/usr/bin/gmake" "cmTC_4ae09/fast"
/usr/bin/gmake -f CMakeFiles/cmTC_4ae09.dir/build.make CMakeFiles/cmTC_4ae09.dir/build
gmake[1]: Entering directory `/homea/ias-5/wenping/software/gromacs-5.1.2_EtMg/build_frontend_jureca/CMakeFiles/CMakeTmp'
Building CXX object CMakeFiles/cmTC_4ae09.dir/CheckIncludeFile.cxx.o
/usr/local/software/jureca/Stages/2017a/software/GCCcore/5.4.0/bin/g++     -Wundef -Wextra -Wno-missing-field-initializers -Wpointer-arith -Wall -Wno-unused-function     -o CMakeFiles/cmTC_4ae09.dir/CheckIncludeFile.cxx.o -c /homea/ias-5/wenping/software/gromacs-5.1.2_EtMg/build_frontend_jureca/CMakeFiles/CMakeTmp/CheckIncludeFile.cxx
In file included from /usr/local/software/jureca/Stages/2017a/software/GCCcore/5.4.0/include/c++/5.4.0/regex:35:0,
                 from /homea/ias-5/wenping/software/gromacs-5.1.2_EtMg/build_frontend_jureca/CMakeFiles/CMakeTmp/CheckIncludeFile.cxx:1:
/usr/local/software/jureca/Stages/2017a/software/GCCcore/5.4.0/include/c++/5.4.0/bits/c++0x_warning.h:32:2: error: #error This file requires compiler and library support for the ISO C++ 2011 standard. This support must be enabled with the -std=c++11 or -std=gnu++11 compiler options.
 #error This file requires compiler and library support \
  ^
gmake[1]: *** [CMakeFiles/cmTC_4ae09.dir/CheckIncludeFile.cxx.o] Error 1
gmake[1]: Leaving directory `/homea/ias-5/wenping/software/gromacs-5.1.2_EtMg/build_frontend_jureca/CMakeFiles/CMakeTmp'
gmake: *** [cmTC_4ae09/fast] Error 2


Performing C SOURCE FILE Test _callconv___vectorcall failed with the following output:
Change Dir: /homea/ias-5/wenping/software/gromacs-5.1.2_EtMg/build_frontend_jureca/CMakeFiles/CMakeTmp

Run Build Command:"/usr/bin/gmake" "cmTC_bcca4/fast"
/usr/bin/gmake -f CMakeFiles/cmTC_bcca4.dir/build.make CMakeFiles/cmTC_bcca4.dir/build
gmake[1]: Entering directory `/homea/ias-5/wenping/software/gromacs-5.1.2_EtMg/build_frontend_jureca/CMakeFiles/CMakeTmp'
Building C object CMakeFiles/cmTC_bcca4.dir/src.c.o
/usr/local/software/jureca/Stages/2017a/software/GCCcore/5.4.0/bin/gcc    -Wundef -Wextra -Wno-missing-field-initializers -Wno-sign-compare -Wpointer-arith -Wall -Wno-unused -Wunused-value -Wunused-parameter  -D_callconv___vectorcall   -o CMakeFiles/cmTC_bcca4.dir/src.c.o   -c /homea/ias-5/wenping/software/gromacs-5.1.2_EtMg/build_frontend_jureca/CMakeFiles/CMakeTmp/src.c
/homea/ias-5/wenping/software/gromacs-5.1.2_EtMg/build_frontend_jureca/CMakeFiles/CMakeTmp/src.c:1:18: error: expected ‘=’, ‘,’, ‘;’, ‘asm’ or ‘__attribute__’ before ‘f’
 int __vectorcall f(int i) {return i;} int main(void) {return f(0);}
                  ^
/homea/ias-5/wenping/software/gromacs-5.1.2_EtMg/build_frontend_jureca/CMakeFiles/CMakeTmp/src.c: In function ‘main’:
/homea/ias-5/wenping/software/gromacs-5.1.2_EtMg/build_frontend_jureca/CMakeFiles/CMakeTmp/src.c:1:62: warning: implicit declaration of function ‘f’ [-Wimplicit-function-declaration]
 int __vectorcall f(int i) {return i;} int main(void) {return f(0);}
                                                              ^
gmake[1]: *** [CMakeFiles/cmTC_bcca4.dir/src.c.o] Error 1
gmake[1]: Leaving directory `/homea/ias-5/wenping/software/gromacs-5.1.2_EtMg/build_frontend_jureca/CMakeFiles/CMakeTmp'
gmake: *** [cmTC_bcca4/fast] Error 2

Source file was:
int __vectorcall f(int i) {return i;} int main(void) {return f(0);}
Performing C SOURCE FILE Test _callconv___regcall failed with the following output:
Change Dir: /homea/ias-5/wenping/software/gromacs-5.1.2_EtMg/build_frontend_jureca/CMakeFiles/CMakeTmp

Run Build Command:"/usr/bin/gmake" "cmTC_184e2/fast"
/usr/bin/gmake -f CMakeFiles/cmTC_184e2.dir/build.make CMakeFiles/cmTC_184e2.dir/build
gmake[1]: Entering directory `/homea/ias-5/wenping/software/gromacs-5.1.2_EtMg/build_frontend_jureca/CMakeFiles/CMakeTmp'
Building C object CMakeFiles/cmTC_184e2.dir/src.c.o
/usr/local/software/jureca/Stages/2017a/software/GCCcore/5.4.0/bin/gcc    -Wundef -Wextra -Wno-missing-field-initializers -Wno-sign-compare -Wpointer-arith -Wall -Wno-unused -Wunused-value -Wunused-parameter  -D_callconv___regcall   -o CMakeFiles/cmTC_184e2.dir/src.c.o   -c /homea/ias-5/wenping/software/gromacs-5.1.2_EtMg/build_frontend_jureca/CMakeFiles/CMakeTmp/src.c
/homea/ias-5/wenping/software/gromacs-5.1.2_EtMg/build_frontend_jureca/CMakeFiles/CMakeTmp/src.c:1:15: error: expected ‘=’, ‘,’, ‘;’, ‘asm’ or ‘__attribute__’ before ‘f’
 int __regcall f(int i) {return i;} int main(void) {return f(0);}
               ^
/homea/ias-5/wenping/software/gromacs-5.1.2_EtMg/build_frontend_jureca/CMakeFiles/CMakeTmp/src.c: In function ‘main’:
/homea/ias-5/wenping/software/gromacs-5.1.2_EtMg/build_frontend_jureca/CMakeFiles/CMakeTmp/src.c:1:59: warning: implicit declaration of function ‘f’ [-Wimplicit-function-declaration]
 int __regcall f(int i) {return i;} int main(void) {return f(0);}
                                                           ^
gmake[1]: *** [CMakeFiles/cmTC_184e2.dir/src.c.o] Error 1
gmake[1]: Leaving directory `/homea/ias-5/wenping/software/gromacs-5.1.2_EtMg/build_frontend_jureca/CMakeFiles/CMakeTmp'
gmake: *** [cmTC_184e2/fast] Error 2

Source file was:
int __regcall f(int i) {return i;} int main(void) {return f(0);}
